<?xml version="1.0" encoding="UTF-8"?>
<!-- Generated by org.testng.reporters.JUnitXMLReporter -->
<testsuite ignored="1" hostname="LAPTOP-BR40S9G6" failures="0" tests="2" name="Test" time="13.286" errors="0" timestamp="2024-07-05T13:42:32 EDT">
  <testcase classname="testCases.TC001_AccountRegisterationTest" name="testAccountRegisteration" time="2.464"/>
  <testcase classname="testCases.TC002_LoginTest" name="verifyLogin" time="1.667"/>
  <testcase classname="testCases.TC003_LoginDataDrivenTest" name="verifyLoginDDT" time="0.0">
    <ignored/>
  </testcase> <!-- verifyLoginDDT -->
</testsuite> <!-- Test -->
