<?xml version="1.0" encoding="UTF-8"?>
<testng-results ignored="0" total="2" passed="2" failed="0" skipped="0">
  <reporter-output>
  </reporter-output>
  <suite started-at="2024-07-06T14:13:16 EDT" name="Master Suite" finished-at="2024-07-06T14:13:31 EDT" duration-ms="14460">
    <groups>
      <group name="Master">
        <method signature="TC001_AccountRegisterationTest.testAccountRegisteration()[pri:0, instance:testCases.TC001_AccountRegisterationTest@2af004b]" name="testAccountRegisteration" class="testCases.TC001_AccountRegisterationTest"/>
        <method signature="TC002_LoginTest.verifyLogin()[pri:0, instance:testCases.TC002_LoginTest@543295b0]" name="verifyLogin" class="testCases.TC002_LoginTest"/>
      </group> <!-- Master -->
      <group name="Sanity">
        <method signature="TC002_LoginTest.verifyLogin()[pri:0, instance:testCases.TC002_LoginTest@543295b0]" name="verifyLogin" class="testCases.TC002_LoginTest"/>
      </group> <!-- Sanity -->
      <group name="Regression">
        <method signature="TC001_AccountRegisterationTest.testAccountRegisteration()[pri:0, instance:testCases.TC001_AccountRegisterationTest@2af004b]" name="testAccountRegisteration" class="testCases.TC001_AccountRegisterationTest"/>
      </group> <!-- Regression -->
    </groups>
    <test started-at="2024-07-06T14:13:16 EDT" name="Test" finished-at="2024-07-06T14:13:31 EDT" duration-ms="14460">
      <class name="testCases.TC002_LoginTest">
        <test-method is-config="true" signature="setup(java.lang.String,java.lang.String)[pri:0, instance:testCases.TC002_LoginTest@543295b0]" started-at="2024-07-06T14:13:24 EDT" name="setup" finished-at="2024-07-06T14:13:29 EDT" duration-ms="4137" status="PASS">
          <params>
            <param index="0">
              <value>
                <![CDATA[windows]]>
              </value>
            </param>
            <param index="1">
              <value>
                <![CDATA[chrome]]>
              </value>
            </param>
          </params>
          <reporter-output>
          </reporter-output>
        </test-method> <!-- setup -->
        <test-method signature="verifyLogin()[pri:0, instance:testCases.TC002_LoginTest@543295b0]" started-at="2024-07-06T14:13:29 EDT" name="verifyLogin" finished-at="2024-07-06T14:13:30 EDT" duration-ms="1658" status="PASS">
          <reporter-output>
          </reporter-output>
        </test-method> <!-- verifyLogin -->
        <test-method is-config="true" signature="teardown()[pri:0, instance:testCases.TC002_LoginTest@543295b0]" started-at="2024-07-06T14:13:30 EDT" name="teardown" finished-at="2024-07-06T14:13:31 EDT" duration-ms="645" status="PASS">
          <reporter-output>
          </reporter-output>
        </test-method> <!-- teardown -->
      </class> <!-- testCases.TC002_LoginTest -->
      <class name="testCases.TC001_AccountRegisterationTest">
        <test-method is-config="true" signature="setup(java.lang.String,java.lang.String)[pri:0, instance:testCases.TC001_AccountRegisterationTest@2af004b]" started-at="2024-07-06T14:13:17 EDT" name="setup" finished-at="2024-07-06T14:13:21 EDT" duration-ms="4920" status="PASS">
          <params>
            <param index="0">
              <value>
                <![CDATA[windows]]>
              </value>
            </param>
            <param index="1">
              <value>
                <![CDATA[chrome]]>
              </value>
            </param>
          </params>
          <reporter-output>
          </reporter-output>
        </test-method> <!-- setup -->
        <test-method signature="testAccountRegisteration()[pri:0, instance:testCases.TC001_AccountRegisterationTest@2af004b]" started-at="2024-07-06T14:13:21 EDT" name="testAccountRegisteration" finished-at="2024-07-06T14:13:24 EDT" duration-ms="2252" status="PASS">
          <reporter-output>
          </reporter-output>
        </test-method> <!-- testAccountRegisteration -->
        <test-method is-config="true" signature="teardown()[pri:0, instance:testCases.TC001_AccountRegisterationTest@2af004b]" started-at="2024-07-06T14:13:24 EDT" name="teardown" finished-at="2024-07-06T14:13:24 EDT" duration-ms="640" status="PASS">
          <reporter-output>
          </reporter-output>
        </test-method> <!-- teardown -->
      </class> <!-- testCases.TC001_AccountRegisterationTest -->
    </test> <!-- Test -->
  </suite> <!-- Master Suite -->
</testng-results>
