<?xml version="1.0" encoding="UTF-8"?>
<testng-results ignored="0" total="2" passed="2" failed="0" skipped="0">
  <reporter-output>
  </reporter-output>
  <suite started-at="2024-07-06T17:18:36 EDT" name="Master Suite" finished-at="2024-07-06T17:18:49 EDT" duration-ms="13039">
    <groups>
      <group name="Master">
        <method signature="TC001_AccountRegisterationTest.testAccountRegisteration()[pri:0, instance:testCases.TC001_AccountRegisterationTest@5ffead27]" name="testAccountRegisteration" class="testCases.TC001_AccountRegisterationTest"/>
        <method signature="TC002_LoginTest.verifyLogin()[pri:0, instance:testCases.TC002_LoginTest@4466af20]" name="verifyLogin" class="testCases.TC002_LoginTest"/>
      </group> <!-- Master -->
      <group name="Sanity">
        <method signature="TC002_LoginTest.verifyLogin()[pri:0, instance:testCases.TC002_LoginTest@4466af20]" name="verifyLogin" class="testCases.TC002_LoginTest"/>
      </group> <!-- Sanity -->
      <group name="Regression">
        <method signature="TC001_AccountRegisterationTest.testAccountRegisteration()[pri:0, instance:testCases.TC001_AccountRegisterationTest@5ffead27]" name="testAccountRegisteration" class="testCases.TC001_AccountRegisterationTest"/>
      </group> <!-- Regression -->
    </groups>
    <test started-at="2024-07-06T17:18:36 EDT" name="Test" finished-at="2024-07-06T17:18:49 EDT" duration-ms="13039">
      <class name="testCases.TC002_LoginTest">
        <test-method is-config="true" signature="setup(java.lang.String,java.lang.String)[pri:0, instance:testCases.TC002_LoginTest@4466af20]" started-at="2024-07-06T17:18:43 EDT" name="setup" finished-at="2024-07-06T17:18:47 EDT" duration-ms="3653" status="PASS">
          <params>
            <param index="0">
              <value>
                <![CDATA[windows]]>
              </value>
            </param>
            <param index="1">
              <value>
                <![CDATA[chrome]]>
              </value>
            </param>
          </params>
          <reporter-output>
          </reporter-output>
        </test-method> <!-- setup -->
        <test-method signature="verifyLogin()[pri:0, instance:testCases.TC002_LoginTest@4466af20]" started-at="2024-07-06T17:18:47 EDT" name="verifyLogin" finished-at="2024-07-06T17:18:48 EDT" duration-ms="1784" status="PASS">
          <reporter-output>
          </reporter-output>
        </test-method> <!-- verifyLogin -->
        <test-method is-config="true" signature="teardown()[pri:0, instance:testCases.TC002_LoginTest@4466af20]" started-at="2024-07-06T17:18:48 EDT" name="teardown" finished-at="2024-07-06T17:18:49 EDT" duration-ms="182" status="PASS">
          <reporter-output>
          </reporter-output>
        </test-method> <!-- teardown -->
      </class> <!-- testCases.TC002_LoginTest -->
      <class name="testCases.TC001_AccountRegisterationTest">
        <test-method is-config="true" signature="setup(java.lang.String,java.lang.String)[pri:0, instance:testCases.TC001_AccountRegisterationTest@5ffead27]" started-at="2024-07-06T17:18:36 EDT" name="setup" finished-at="2024-07-06T17:18:40 EDT" duration-ms="4534" status="PASS">
          <params>
            <param index="0">
              <value>
                <![CDATA[windows]]>
              </value>
            </param>
            <param index="1">
              <value>
                <![CDATA[chrome]]>
              </value>
            </param>
          </params>
          <reporter-output>
          </reporter-output>
        </test-method> <!-- setup -->
        <test-method signature="testAccountRegisteration()[pri:0, instance:testCases.TC001_AccountRegisterationTest@5ffead27]" started-at="2024-07-06T17:18:40 EDT" name="testAccountRegisteration" finished-at="2024-07-06T17:18:43 EDT" duration-ms="2493" status="PASS">
          <reporter-output>
          </reporter-output>
        </test-method> <!-- testAccountRegisteration -->
        <test-method is-config="true" signature="teardown()[pri:0, instance:testCases.TC001_AccountRegisterationTest@5ffead27]" started-at="2024-07-06T17:18:43 EDT" name="teardown" finished-at="2024-07-06T17:18:43 EDT" duration-ms="179" status="PASS">
          <reporter-output>
          </reporter-output>
        </test-method> <!-- teardown -->
      </class> <!-- testCases.TC001_AccountRegisterationTest -->
    </test> <!-- Test -->
  </suite> <!-- Master Suite -->
</testng-results>
