<?xml version="1.0" encoding="UTF-8"?>
<!-- Generated by org.testng.reporters.JUnitXMLReporter -->
<testsuite ignored="0" hostname="LAPTOP-BR40S9G6" failures="1" tests="2" name="Test" time="43.058" errors="0" timestamp="2024-07-05T16:04:28 EDT">
  <testcase classname="testCases.TC001_AccountRegisterationTest" name="testAccountRegisteration" time="2.255"/>
  <testcase classname="testCases.TC002_LoginTest" name="verifyLogin" time="31.355">
    <failure type="java.lang.AssertionError" message="Login Failed expected [true] but found [false]">
      <![CDATA[java.lang.AssertionError: Login Failed expected [true] but found [false]
at testCases.TC002_LoginTest.verifyLogin(TC002_LoginTest.java:35)
at java.base/java.util.ArrayList.forEach(ArrayList.java:1511)
... Removed 32 stack frames]]>
    </failure>
  </testcase> <!-- verifyLogin -->
</testsuite> <!-- Test -->
